[modern-furniture.myharavan.com/index.html]
[backblue.gif]
[fade.gif]
[index.html]
[theme.hstatic.net/1000309459/1000717021/14/favicone0a8.png]
[theme.hstatic.net/1000309459/1000717021/14/stylese0a8.css]
[www.google.com/index.html]
[fonts.googleapis.com/index.html]
[modern-furniture.myharavan.com/fonts/glyphicons-halflings-regular.3.delayed]
[modern-furniture.myharavan.com/fonts/glyphicons-halflings-regulard41d.eot]
[modern-furniture.myharavan.com/fonts/glyphicons-halflings-regular.woff2]
[modern-furniture.myharavan.com/fonts/glyphicons-halflings-regular.woff]
[modern-furniture.myharavan.com/fonts/glyphicons-halflings-regular.ttf]
[modern-furniture.myharavan.com/fonts/glyphicons-halflings-regular.svg]
[www.google.com/recaptcha/api4d7a.js]
[stats.hstatic.net/analytics.minb0af.js]
[modern-furniture.myharavan.com/collections/all.html]
[modern-furniture.myharavan.com/products/ghe-phong-khach-arctander.html]
[modern-furniture.myharavan.com/blogs/news.html]
[modern-furniture.myharavan.com/pages/ldp-furniture-1.html]
[modern-furniture.myharavan.com/products/ghe-phong-khach-arctander4946.html]
[modern-furniture.myharavan.com/index71af.html]
[modern-furniture.myharavan.com/index1546.html]
[modern-furniture.myharavan.com/index70cc.html]
[modern-furniture.myharavan.com/products/ghe-phong-khach-arctander3cc1.html]
[modern-furniture.myharavan.com/indexbc45.html]
[modern-furniture.myharavan.com/index271b.html]
[modern-furniture.myharavan.com/index2b36.html]
[modern-furniture.myharavan.com/products/ghe-phong-khach-arctander5751.html]
[modern-furniture.myharavan.com/account/register.html]
[modern-furniture.myharavan.com/cart.html]
[theme.hstatic.net/1000309459/1000717021/14/slideshow_1_largee0a8.jpg]
[theme.hstatic.net/1000309459/1000717021/14/slideshow_1e0a8.jpg]
[theme.hstatic.net/1000309459/1000717021/14/slideshow_2_largee0a8.jpg]
[theme.hstatic.net/1000309459/1000717021/14/slideshow_2e0a8.jpg]
[theme.hstatic.net/1000309459/1000717021/14/slideshow_3_largee0a8.jpg]
[theme.hstatic.net/1000309459/1000717021/14/slideshow_3e0a8.jpg]
[theme.hstatic.net/1000309459/1000717021/14/home_category_1_bannere0a8.jpg]
[theme.hstatic.net/1000309459/1000717021/14/home_category_2_bannere0a8.jpg]
[theme.hstatic.net/1000309459/1000717021/14/home_category_3_bannere0a8.jpg]
[theme.hstatic.net/1000309459/1000717021/14/home_category_4_bannere0a8.jpg]
[theme.hstatic.net/1000309459/1000717021/14/home_category_5_bannere0a8.jpg]
[product.hstatic.net/1000309459/product/sp8-1_5d1c7dc8e938478290333f2625515d68_28699549035a4a1e8823d70b9a6f8388_medium.jpg]
[product.hstatic.net/1000309459/product/sp8-1_5d1c7dc8e938478290333f2625515d68_28699549035a4a1e8823d70b9a6f8388_large.jpg]
[product.hstatic.net/1000309459/product/sp8-1_5d1c7dc8e938478290333f2625515d68_28699549035a4a1e8823d70b9a6f8388_grande.jpg]
[product.hstatic.net/1000309459/product/sp8-2_6a27ed54ad9849a3ae439de360094566_335fe1b291f9457b9e139fd22df5f1ac_medium.jpg]
[product.hstatic.net/1000309459/product/sp8-2_6a27ed54ad9849a3ae439de360094566_335fe1b291f9457b9e139fd22df5f1ac_large.jpg]
[product.hstatic.net/1000309459/product/sp8-2_6a27ed54ad9849a3ae439de360094566_335fe1b291f9457b9e139fd22df5f1ac_grande.jpg]
[product.hstatic.net/1000309459/product/sp4-2_97670563a9c9462e91b405158f85b77a_1e84319ca6f74a5fbe7043f038a05166_medium.jpg]
[modern-furniture.myharavan.com/collections/frontpage.html]
[product.hstatic.net/1000309459/product/sp4-2_97670563a9c9462e91b405158f85b77a_1e84319ca6f74a5fbe7043f038a05166_large.jpg]
[product.hstatic.net/1000309459/product/sp4-2_97670563a9c9462e91b405158f85b77a_1e84319ca6f74a5fbe7043f038a05166_grande.jpg]
[product.hstatic.net/1000309459/product/sp4-1_9ccb76a9510a4e1b9e2e4a2ab0280193_7e7cc08c1bab4fb58044c535b9755b13_medium.jpg]
[modern-furniture.myharavan.com/products/den-de-ban-gon-nhe-petite.html]
[product.hstatic.net/1000309459/product/sp4-1_9ccb76a9510a4e1b9e2e4a2ab0280193_7e7cc08c1bab4fb58044c535b9755b13_large.jpg]
[product.hstatic.net/1000309459/product/sp4-1_9ccb76a9510a4e1b9e2e4a2ab0280193_7e7cc08c1bab4fb58044c535b9755b13_grande.jpg]
[modern-furniture.myharavan.com/products/den-treo-sang-trong-hubert.html]
[modern-furniture.myharavan.com/products/ghe-go-bap-benh-iconic.html]
[product.hstatic.net/1000309459/product/sp5-2_fde6cf697c5343489c0715a2a77c9161_8ccf08b77b384087b8e47d0d62541382_medium.jpg]
[product.hstatic.net/1000309459/product/sp5-2_fde6cf697c5343489c0715a2a77c9161_8ccf08b77b384087b8e47d0d62541382_large.jpg]
[product.hstatic.net/1000309459/product/sp5-2_fde6cf697c5343489c0715a2a77c9161_8ccf08b77b384087b8e47d0d62541382_grande.jpg]
[product.hstatic.net/1000309459/product/sp5-1_655fbdd6a3ba415485ec214fd2a5c4a9_df66b6586d92482aac55836c9929150b_medium.jpg]
[product.hstatic.net/1000309459/product/sp5-1_655fbdd6a3ba415485ec214fd2a5c4a9_df66b6586d92482aac55836c9929150b_large.jpg]
[product.hstatic.net/1000309459/product/sp5-1_655fbdd6a3ba415485ec214fd2a5c4a9_df66b6586d92482aac55836c9929150b_grande.jpg]
[product.hstatic.net/1000309459/product/sp1-1_8b56d5f805744ca98b24545ae72d3cb4_c596aa3fb2e7428a87cdf3b0567c2d8a_medium.jpg]
[product.hstatic.net/1000309459/product/sp1-1_8b56d5f805744ca98b24545ae72d3cb4_c596aa3fb2e7428a87cdf3b0567c2d8a_large.jpg]
[product.hstatic.net/1000309459/product/sp1-1_8b56d5f805744ca98b24545ae72d3cb4_c596aa3fb2e7428a87cdf3b0567c2d8a_grande.jpg]
[product.hstatic.net/1000309459/product/sp1-2_0ab2e2a624424c2a803800990fb57109_36763e8fecdd4146a12968254ae73abe_medium.jpg]
[product.hstatic.net/1000309459/product/sp1-2_0ab2e2a624424c2a803800990fb57109_36763e8fecdd4146a12968254ae73abe_large.jpg]
[product.hstatic.net/1000309459/product/sp1-2_0ab2e2a624424c2a803800990fb57109_36763e8fecdd4146a12968254ae73abe_grande.jpg]
[product.hstatic.net/1000309459/product/sp7-1_83fd0de6ab8b437d9b28cf50ad5e69cb_ef26305786114080bc65e3de534bfd69_medium.jpg]
[product.hstatic.net/1000309459/product/sp7-1_83fd0de6ab8b437d9b28cf50ad5e69cb_ef26305786114080bc65e3de534bfd69_large.jpg]
[product.hstatic.net/1000309459/product/sp7-1_83fd0de6ab8b437d9b28cf50ad5e69cb_ef26305786114080bc65e3de534bfd69_grande.jpg]
[product.hstatic.net/1000309459/product/sp7-2_811c15bd83e24680ae35695c8e939f69_adcb1fa0c81e462e8d97a80a824aaf5a_medium.jpg]
[product.hstatic.net/1000309459/product/sp7-2_811c15bd83e24680ae35695c8e939f69_adcb1fa0c81e462e8d97a80a824aaf5a_large.jpg]
[product.hstatic.net/1000309459/product/sp7-2_811c15bd83e24680ae35695c8e939f69_adcb1fa0c81e462e8d97a80a824aaf5a_grande.jpg]
[product.hstatic.net/1000309459/product/sp9-1_a13a66828d904b0388e03b4b12fdbea0_b699f1d6595244148610a17d3a3393f9_medium.jpg]
[product.hstatic.net/1000309459/product/sp9-1_a13a66828d904b0388e03b4b12fdbea0_b699f1d6595244148610a17d3a3393f9_large.jpg]
[modern-furniture.myharavan.com/products/ghe-sofa-giuong-keo-roots.html]
[product.hstatic.net/1000309459/product/sp9-1_a13a66828d904b0388e03b4b12fdbea0_b699f1d6595244148610a17d3a3393f9_grande.jpg]
[product.hstatic.net/1000309459/product/sp9-2_5cbcdc59238643d4a639ccc4278a6492_5d000b4a82804cb1a20360b63ff50829_medium.jpg]
[product.hstatic.net/1000309459/product/sp9-2_5cbcdc59238643d4a639ccc4278a6492_5d000b4a82804cb1a20360b63ff50829_large.jpg]
[product.hstatic.net/1000309459/product/sp9-2_5cbcdc59238643d4a639ccc4278a6492_5d000b4a82804cb1a20360b63ff50829_grande.jpg]
[theme.hstatic.net/1000309459/1000717021/14/block_home_category1e0a8.jpg]
[theme.hstatic.net/1000309459/1000717021/14/block_home_category2e0a8.jpg]
[theme.hstatic.net/1000309459/1000717021/14/block_home_category3e0a8.jpg]
[modern-furniture.myharavan.com/products/ghe-sofa-phong-khach-s003.html]
[modern-furniture.myharavan.com/collections/hot-products.html]
[modern-furniture.myharavan.com/collections/onsale.html]
[modern-furniture.myharavan.com/products/am-tra-inox-khong-ghi.html]
[product.hstatic.net/1000309459/product/sp12-1_5316e032a8b0403b8fe26c4cd6bef167_35e9cf348a3b4df28059491ff6c6ff08_medium.jpg]
[product.hstatic.net/1000309459/product/sp12-1_5316e032a8b0403b8fe26c4cd6bef167_35e9cf348a3b4df28059491ff6c6ff08_large.jpg]
[product.hstatic.net/1000309459/product/sp12-1_5316e032a8b0403b8fe26c4cd6bef167_35e9cf348a3b4df28059491ff6c6ff08_grande.jpg]
[product.hstatic.net/1000309459/product/sp11-1_f33d1b5977c84d01ac0037fdcb6c7317_2430fe7863a34cbf9f2190326cd08dab_medium.jpg]
[product.hstatic.net/1000309459/product/sp11-1_f33d1b5977c84d01ac0037fdcb6c7317_2430fe7863a34cbf9f2190326cd08dab_large.jpg]
[product.hstatic.net/1000309459/product/sp11-1_f33d1b5977c84d01ac0037fdcb6c7317_2430fe7863a34cbf9f2190326cd08dab_grande.jpg]
[product.hstatic.net/1000309459/product/sp11-2_d58d2329380c41f1885a093a5cf2f27c_eb50c95acadb438cbb088a454308e3ec_medium.jpg]
[product.hstatic.net/1000309459/product/sp11-2_d58d2329380c41f1885a093a5cf2f27c_eb50c95acadb438cbb088a454308e3ec_large.jpg]
[product.hstatic.net/1000309459/product/sp11-2_d58d2329380c41f1885a093a5cf2f27c_eb50c95acadb438cbb088a454308e3ec_grande.jpg]
[modern-furniture.myharavan.com/products/ban-xep-gon-nhe-tb01.html]
[modern-furniture.myharavan.com/products/ghe-trung-treo-oval.html]
[product.hstatic.net/1000309459/product/sp3_97f7ec448aae411f907b7ab4d04d0e52_fc6e8187831c46299c2e264d992aa10b_medium.jpg]
[product.hstatic.net/1000309459/product/sp3_97f7ec448aae411f907b7ab4d04d0e52_fc6e8187831c46299c2e264d992aa10b_large.jpg]
[product.hstatic.net/1000309459/product/sp3_97f7ec448aae411f907b7ab4d04d0e52_fc6e8187831c46299c2e264d992aa10b_grande.jpg]
[product.hstatic.net/1000309459/product/sp3_7641ce82bbb44d6098a62e1f19abcbc4_106bcea2d2044d62a16b15cc40331ed5_medium.jpg]
[product.hstatic.net/1000309459/product/sp3_7641ce82bbb44d6098a62e1f19abcbc4_106bcea2d2044d62a16b15cc40331ed5_large.jpg]
[product.hstatic.net/1000309459/product/sp3_7641ce82bbb44d6098a62e1f19abcbc4_106bcea2d2044d62a16b15cc40331ed5_grande.jpg]
[product.hstatic.net/1000309459/product/sp10-1_bee2a9c0558d4324bf174ec4dca83071_d2c27994d7be4d71b388b3c9f95826c2_medium.jpg]
[product.hstatic.net/1000309459/product/sp10-1_bee2a9c0558d4324bf174ec4dca83071_d2c27994d7be4d71b388b3c9f95826c2_large.jpg]
[product.hstatic.net/1000309459/product/sp10-1_bee2a9c0558d4324bf174ec4dca83071_d2c27994d7be4d71b388b3c9f95826c2_grande.jpg]
[product.hstatic.net/1000309459/product/sp10-2_a745f85b63f5497793be87949deb1a7b_c4db0b6210d84546a55ae4a4faeaa8bf_medium.jpg]
[product.hstatic.net/1000309459/product/sp10-2_a745f85b63f5497793be87949deb1a7b_c4db0b6210d84546a55ae4a4faeaa8bf_large.jpg]
[product.hstatic.net/1000309459/product/sp10-2_a745f85b63f5497793be87949deb1a7b_c4db0b6210d84546a55ae4a4faeaa8bf_grande.jpg]
[modern-furniture.myharavan.com/products/ghe-tua-lung-phong-khach-s004.html]
[modern-furniture.myharavan.com/products/ghe-van-phong-chan-xoay.html]
[product.hstatic.net/1000309459/product/pro6_c3480a33e39042e599b90dfd098160df_medium.jpg]
[product.hstatic.net/1000309459/product/pro6_c3480a33e39042e599b90dfd098160df_large.jpg]
[product.hstatic.net/1000309459/product/pro6_c3480a33e39042e599b90dfd098160df_grande.jpg]
[product.hstatic.net/1000309459/product/pro7_21ff79e4431748acb1004fcca2707c47_medium.jpg]
[product.hstatic.net/1000309459/product/pro7_21ff79e4431748acb1004fcca2707c47_large.jpg]
[product.hstatic.net/1000309459/product/pro7_21ff79e4431748acb1004fcca2707c47_grande.jpg]
[modern-furniture.myharavan.com/pages/about-us.html]
[modern-furniture.myharavan.com/search.html]
[modern-furniture.myharavan.com/pages/chinh-sach-doi-tra.html]
[modern-furniture.myharavan.com/pages/chinh-sach-bao-mat.html]
[modern-furniture.myharavan.com/pages/dieu-khoan-dich-vu.html]
[hstatic.net/0/0/global/option_selection.js]
[hstatic.net/0/0/global/api.jquery.js]
[modern-furniture.myharavan.com/pages/lien-he.html]
[theme.hstatic.net/1000309459/1000717021/14/scriptse0a8.js]
[modern-furniture.myharavan.com/index.html]
[hstatic.net/index.html]
[theme.hstatic.net/index.html]
[file.hstatic.net/index.html]
[www.google-analytics.com/index.html]
[www.googletagmanager.com/index.html]
[www.google.com/images/branding/googlelogo/1x/googlelogo_white_background_color_272x92dp.png]
[www.google.com/index.html]
[fonts.gstatic.com/index.html]
[fonts.googleapis.com/index.html]
[www.facebook.com/index.html]
[connect.facebook.net/index.html]
[fonts.googleapis.com/css9ba4.css]
[modern-furniture.myharavan.com/fonts/glyphicons-halflings-regular.html]
[modern-furniture.myharavan.com/fonts/glyphicons-halflings-regulard41d.html]
[modern-furniture.myharavan.com/fonts/glyphicons-halflings-regular-2.html]
[modern-furniture.myharavan.com/fonts/glyphicons-halflings-regular-3.html]
[modern-furniture.myharavan.com/fonts/glyphicons-halflings-regular-4.html]
[modern-furniture.myharavan.com/collections.html]
[modern-furniture.myharavan.com/collections/filter=.85.delayed]
[modern-furniture.myharavan.com/products/loa-bluetooth-b-o-beoplay.html]
[product.hstatic.net/1000309459/product/pro17_a40384c66baa4040b9fecd033f111dec_medium.jpg]
[product.hstatic.net/1000309459/product/pro17_a40384c66baa4040b9fecd033f111dec_large.jpg]
[product.hstatic.net/1000309459/product/pro17_a40384c66baa4040b9fecd033f111dec_grande.jpg]
[product.hstatic.net/1000309459/product/pro15_cb4a2adcb7d64e69b024cd3b15cff915_medium.jpg]
[product.hstatic.net/1000309459/product/pro15_cb4a2adcb7d64e69b024cd3b15cff915_large.jpg]
[product.hstatic.net/1000309459/product/pro15_cb4a2adcb7d64e69b024cd3b15cff915_grande.jpg]
[modern-furniture.myharavan.com/products/sofa-giuong-pvc-xuat-khau-so-226.html]
[modern-furniture.myharavan.com/collections/all.html]
[product.hstatic.net/1000309459/product/sp1-1_8b56d5f805744ca98b24545ae72d3cb4_c596aa3fb2e7428a87cdf3b0567c2d8a_master.jpg]
[product.hstatic.net/1000309459/product/sp1-1_8b56d5f805744ca98b24545ae72d3cb4_c596aa3fb2e7428a87cdf3b0567c2d8a_compact.jpg]
[product.hstatic.net/1000309459/product/sp1-2_0ab2e2a624424c2a803800990fb57109_36763e8fecdd4146a12968254ae73abe_master.jpg]
[product.hstatic.net/1000309459/product/sp1-2_0ab2e2a624424c2a803800990fb57109_36763e8fecdd4146a12968254ae73abe_compact.jpg]
[product.hstatic.net/1000309459/product/sp1-1_9faf7f82e951400d92e2181dd3f00159_40ca050829704763af6494b0b93c4323_master.jpg]
[product.hstatic.net/1000309459/product/sp1-1_9faf7f82e951400d92e2181dd3f00159_40ca050829704763af6494b0b93c4323_compact.jpg]
[product.hstatic.net/1000309459/product/sp1-2_cd43e28b44d2488ab85c4499ae28b865_fe7b4b6617a84c27b23cb3150eaa146d_master.jpg]
[product.hstatic.net/1000309459/product/sp1-2_cd43e28b44d2488ab85c4499ae28b865_fe7b4b6617a84c27b23cb3150eaa146d_compact.jpg]
[product.hstatic.net/1000309459/product/sp1-2_0ab2e2a624424c2a803800990fb57109_36763e8fecdd4146a12968254ae73abe.jpg]
[product.hstatic.net/1000309459/product/sp1-1_9faf7f82e951400d92e2181dd3f00159_40ca050829704763af6494b0b93c4323.jpg]
[modern-furniture.myharavan.com/products/ghe-phong-khach-arctander.html]
[file.hstatic.net/1000309459/article/blog_4e734461181e4b3194609c4ea27d3af6_large.jpg]
[file.hstatic.net/1000309459/article/ssfdf_large.jpg]
[file.hstatic.net/1000309459/article/sfsd_large.jpg]
[modern-furniture.myharavan.com/blogs/news/5-sai-lam-can-tranh-khi-mua-ban-ghe-sofa.html]
[modern-furniture.myharavan.com/blogs/news/bai-viet-mau-3.html]
[modern-furniture.myharavan.com/blogs/news/bai-viet-mau-2.html]
[file.hstatic.net/1000309459/article/ferm-living-autumn-winter-2016-banner_large.jpg]
[file.hstatic.net/1000309459/article/blog_4e734461181e4b3194609c4ea27d3af6_grande.jpg]
[file.hstatic.net/1000309459/article/ssfdf_grande.jpg]
[file.hstatic.net/1000309459/article/sfsd_grande.jpg]
[file.hstatic.net/1000309459/article/ferm-living-autumn-winter-2016-banner_grande.jpg]
[modern-furniture.myharavan.com/blogs/news/1-bai-viet-mau.html]
[modern-furniture.myharavan.com/blogs/news.html]
[theme.hstatic.net/1000309459/1000717021/14/style-furniture-ldp01.scsse0a8.css]
[theme.hstatic.net/1000309459/1000717021/14/furniture01_bannertop_mobilee0a8.jpg]
[theme.hstatic.net/1000309459/1000717021/14/furniture01_bannertop_imagee0a8.jpg]
[theme.hstatic.net/1000309459/1000717021/14/furniture01_frame_imagee0a8.png]
[product.hstatic.net/1000309459/product/sp11-2_d58d2329380c41f1885a093a5cf2f27c_eb50c95acadb438cbb088a454308e3ec_small.jpg]
[product.hstatic.net/1000309459/product/sp8-2_6a27ed54ad9849a3ae439de360094566_335fe1b291f9457b9e139fd22df5f1ac_small.jpg]
[product.hstatic.net/1000309459/product/sp4-1_9ccb76a9510a4e1b9e2e4a2ab0280193_7e7cc08c1bab4fb58044c535b9755b13_small.jpg]
[product.hstatic.net/1000309459/product/sp5-1_655fbdd6a3ba415485ec214fd2a5c4a9_df66b6586d92482aac55836c9929150b_small.jpg]
[product.hstatic.net/1000309459/product/sp1-2_0ab2e2a624424c2a803800990fb57109_36763e8fecdd4146a12968254ae73abe_small.jpg]
[product.hstatic.net/1000309459/product/sp7-2_811c15bd83e24680ae35695c8e939f69_adcb1fa0c81e462e8d97a80a824aaf5a_small.jpg]
[product.hstatic.net/1000309459/product/sp3_7641ce82bbb44d6098a62e1f19abcbc4_106bcea2d2044d62a16b15cc40331ed5_small.jpg]
[product.hstatic.net/1000309459/product/sp10-2_a745f85b63f5497793be87949deb1a7b_c4db0b6210d84546a55ae4a4faeaa8bf_small.jpg]
[product.hstatic.net/1000309459/product/pro7_21ff79e4431748acb1004fcca2707c47_small.jpg]
[modern-furniture.myharavan.com/pages/ldp-furniture-1.html]
[modern-furniture.myharavan.com/index71af.html]
[file.hstatic.net/1000309459/file/block_home_category1_11151c09367a4eac875e9603f65c1347.jpg]
[file.hstatic.net/1000309459/file/block_home_category2_96b6cc9ea9dc49d399ac478e82901124.jpg]
[file.hstatic.net/1000309459/file/block_home_category3_4636fdd8f33142038cb78a693265ff00.jpg]
[modern-furniture.myharavan.com/index1546.html]
[file.hstatic.net/1000309459/file/bannerh01_5ba6f27aca5e493483ca4f297271b602.jpg]
[file.hstatic.net/1000309459/file/bannerh02_c2138c3002ba4e0896ae9aa3b981bd92.jpg]
[file.hstatic.net/1000309459/file/bannerh03_26b919c821c14ca482dc0a67515f234a.jpg]
[file.hstatic.net/1000309459/file/bannerh04_83bc60fdfacc4c21bcc4b86f9184feac.jpg]
[file.hstatic.net/1000309459/file/bannerh05_4f1c340a8ff94fbbbc1464a0ac263960.jpg]
[modern-furniture.myharavan.com/index70cc.html]
[file.hara.vn/1000113711/file/favicon_0264a241ad4a42b3a3912ebc01444768.png]
[modern-furniture.myharavan.com/index942b.html]
[modern-furniture.myharavan.com/index2b36.html]
[modern-furniture.myharavan.com/indexbc45.html]
[modern-furniture.myharavan.com/index271b.html]
[modern-furniture.myharavan.com/products/ghe-phong-khach-arctander4946.html]
[modern-furniture.myharavan.com/products/ghe-phong-khach-arctander3cc1.html]
[modern-furniture.myharavan.com/products/ghe-phong-khach-arctander5751.html]
[hstatic.net/0/0/global/haravan_common.js]
[hstatic.net/0/0/global/customer_area.js]
[modern-furniture.myharavan.com/account/register.html]
[modern-furniture.myharavan.com/cart.html]
[modern-furniture.myharavan.com/collections/frontpage.html]
[product.hstatic.net/1000309459/product/sp8-1_5d1c7dc8e938478290333f2625515d68_28699549035a4a1e8823d70b9a6f8388_master.jpg]
[product.hstatic.net/1000309459/product/sp8-1_5d1c7dc8e938478290333f2625515d68_28699549035a4a1e8823d70b9a6f8388_compact.jpg]
[product.hstatic.net/1000309459/product/sp8-2_6a27ed54ad9849a3ae439de360094566_335fe1b291f9457b9e139fd22df5f1ac_master.jpg]
[product.hstatic.net/1000309459/product/sp8-2_6a27ed54ad9849a3ae439de360094566_335fe1b291f9457b9e139fd22df5f1ac_compact.jpg]
[product.hstatic.net/1000309459/product/sp8-3_d41cb4efb6174aeda4b57cf6d8a76885_8728d1a5476f4f0fae7e40ffeb15ef70_master.jpg]
[product.hstatic.net/1000309459/product/sp8-3_d41cb4efb6174aeda4b57cf6d8a76885_8728d1a5476f4f0fae7e40ffeb15ef70_compact.jpg]
[file.hstatic.net/1000409762/file/4620-tischleuchte_1333x1333-id1123239-94b0fbbf17e1b83a9329355b063d55c0_1741e09d520247fa9b3ed320b31f1f90_grande.jpg]
[modern-furniture.myharavan.com/products/den-de-ban-gon-nhe-petite.html]
[product.hstatic.net/1000309459/product/sp8-2_6a27ed54ad9849a3ae439de360094566_335fe1b291f9457b9e139fd22df5f1ac.jpg]
[product.hstatic.net/1000309459/product/sp4-2_97670563a9c9462e91b405158f85b77a_1e84319ca6f74a5fbe7043f038a05166_master.jpg]
[product.hstatic.net/1000309459/product/sp4-2_97670563a9c9462e91b405158f85b77a_1e84319ca6f74a5fbe7043f038a05166_compact.jpg]
[product.hstatic.net/1000309459/product/sp4-1_9ccb76a9510a4e1b9e2e4a2ab0280193_7e7cc08c1bab4fb58044c535b9755b13_master.jpg]
[product.hstatic.net/1000309459/product/sp4-1_9ccb76a9510a4e1b9e2e4a2ab0280193_7e7cc08c1bab4fb58044c535b9755b13_compact.jpg]
[product.hstatic.net/1000309459/product/sp4-2_ed07ce62d02545c7b259f65c047c1375_4f781a369c8f4c3794df163ad2686fac_master.jpg]
[product.hstatic.net/1000309459/product/sp4-2_ed07ce62d02545c7b259f65c047c1375_4f781a369c8f4c3794df163ad2686fac_compact.jpg]
[product.hstatic.net/1000309459/product/sp4-1_2092aac5c04f416b8fd39a8cdaf043c7_dd82154bc4e4473189bab0a742ed82b3_master.jpg]
[modern-furniture.myharavan.com/products/den-treo-sang-trong-hubert.html]
[product.hstatic.net/1000309459/product/sp4-1_2092aac5c04f416b8fd39a8cdaf043c7_dd82154bc4e4473189bab0a742ed82b3_compact.jpg]
[product.hstatic.net/1000309459/product/sp5-2_fde6cf697c5343489c0715a2a77c9161_8ccf08b77b384087b8e47d0d62541382_master.jpg]
[product.hstatic.net/1000309459/product/sp5-2_fde6cf697c5343489c0715a2a77c9161_8ccf08b77b384087b8e47d0d62541382_compact.jpg]
[product.hstatic.net/1000309459/product/sp5-1_655fbdd6a3ba415485ec214fd2a5c4a9_df66b6586d92482aac55836c9929150b_master.jpg]
[product.hstatic.net/1000309459/product/sp5-1_655fbdd6a3ba415485ec214fd2a5c4a9_df66b6586d92482aac55836c9929150b_compact.jpg]
[product.hstatic.net/1000309459/product/sp5-1_a6a38a992f764563b37c8fd611ef408f_b83a133eb2804bb18ddbd38c541c125d_master.jpg]
[product.hstatic.net/1000309459/product/sp5-1_a6a38a992f764563b37c8fd611ef408f_b83a133eb2804bb18ddbd38c541c125d_compact.jpg]
[product.hstatic.net/1000309459/product/sp5-2_62d10832497347c4be8fb4fec2228f33_ee5f1a698db742e4bcc9779fcfcadc35_master.jpg]
[modern-furniture.myharavan.com/products/ghe-go-bap-benh-iconic.html]
[product.hstatic.net/1000309459/product/sp5-2_62d10832497347c4be8fb4fec2228f33_ee5f1a698db742e4bcc9779fcfcadc35_compact.jpg]
[product.hstatic.net/1000309459/product/sp7-1_83fd0de6ab8b437d9b28cf50ad5e69cb_ef26305786114080bc65e3de534bfd69_master.jpg]
[product.hstatic.net/1000309459/product/sp7-1_83fd0de6ab8b437d9b28cf50ad5e69cb_ef26305786114080bc65e3de534bfd69_compact.jpg]
[product.hstatic.net/1000309459/product/sp7-2_811c15bd83e24680ae35695c8e939f69_adcb1fa0c81e462e8d97a80a824aaf5a_master.jpg]
[product.hstatic.net/1000309459/product/sp7-2_811c15bd83e24680ae35695c8e939f69_adcb1fa0c81e462e8d97a80a824aaf5a_compact.jpg]
[product.hstatic.net/1000309459/product/sp7-3_3ac63846ce0f423d90306818d01ab83d_252be49472314d95a37bbea6a23edfa8_master.jpg]
[product.hstatic.net/1000309459/product/sp7-3_3ac63846ce0f423d90306818d01ab83d_252be49472314d95a37bbea6a23edfa8_compact.jpg]
[product.hstatic.net/1000309459/product/sp7-4_7330667996374000b2d8cca098289833_1fac3e2e156b4b0ba8052db4c3221c49_master.jpg]
[product.hstatic.net/1000309459/product/sp7-4_7330667996374000b2d8cca098289833_1fac3e2e156b4b0ba8052db4c3221c49_compact.jpg]
[product.hstatic.net/1000309459/product/sp7-5_992ff68f9eb44a7e981dd9a2a47bfbca_642133e933e742aeb62fc85636b9d02c_master.jpg]
[product.hstatic.net/1000309459/product/sp7-5_992ff68f9eb44a7e981dd9a2a47bfbca_642133e933e742aeb62fc85636b9d02c_compact.jpg]
[file.hstatic.net/1000409762/file/lafsofa-140x200cm_2000x2000-id1924146-b9e49d2ad8a0c06dad6fde1dfb066e01_022f381acc274942bd99f413e7908d06_grande.jpg]
[product.hstatic.net/1000309459/product/sp7-2_811c15bd83e24680ae35695c8e939f69_adcb1fa0c81e462e8d97a80a824aaf5a.jpg]
[product.hstatic.net/1000309459/product/sp7-3_3ac63846ce0f423d90306818d01ab83d_252be49472314d95a37bbea6a23edfa8.jpg]
[product.hstatic.net/1000309459/product/sp7-4_7330667996374000b2d8cca098289833_1fac3e2e156b4b0ba8052db4c3221c49.jpg]
[modern-furniture.myharavan.com/products/ghe-sofa-giuong-keo-roots.html]
[product.hstatic.net/1000309459/product/sp9-1_a13a66828d904b0388e03b4b12fdbea0_b699f1d6595244148610a17d3a3393f9_master.jpg]
[product.hstatic.net/1000309459/product/sp9-1_a13a66828d904b0388e03b4b12fdbea0_b699f1d6595244148610a17d3a3393f9_compact.jpg]
[product.hstatic.net/1000309459/product/sp9-2_5cbcdc59238643d4a639ccc4278a6492_5d000b4a82804cb1a20360b63ff50829_master.jpg]
[product.hstatic.net/1000309459/product/sp9-2_5cbcdc59238643d4a639ccc4278a6492_5d000b4a82804cb1a20360b63ff50829_compact.jpg]
[file.hstatic.net/1000409762/file/-sitzer-sofa_2000x2000-id1914772-43caf5e905bf2b0d0f40e10d84c8f155_900x_6757b4452f3449e48765bdb07504a6ff_grande.jpg]
[modern-furniture.myharavan.com/products/ghe-sofa-phong-khach-s003.html]
[modern-furniture.myharavan.com/collections/hot-products.html]
[product.hstatic.net/1000309459/product/sp2-1_ee610e766bb440738090133fd553280f_ff6e0900534d42ca805e7aa9f7e5578d_medium.jpg]
[product.hstatic.net/1000309459/product/sp2-1_ee610e766bb440738090133fd553280f_ff6e0900534d42ca805e7aa9f7e5578d_large.jpg]
[product.hstatic.net/1000309459/product/sp2-1_ee610e766bb440738090133fd553280f_ff6e0900534d42ca805e7aa9f7e5578d_grande.jpg]
[product.hstatic.net/1000309459/product/sp2-2_11b93fc9ba874d238bbaa87d233f0582_ac29fd9a659b4aa78682dd0372d4021e_medium.jpg]
[product.hstatic.net/1000309459/product/sp2-2_11b93fc9ba874d238bbaa87d233f0582_ac29fd9a659b4aa78682dd0372d4021e_large.jpg]
[modern-furniture.myharavan.com/collections/onsale.html]
[product.hstatic.net/1000309459/product/sp2-2_11b93fc9ba874d238bbaa87d233f0582_ac29fd9a659b4aa78682dd0372d4021e_grande.jpg]
[product.hstatic.net/1000309459/product/sp12-1_5316e032a8b0403b8fe26c4cd6bef167_35e9cf348a3b4df28059491ff6c6ff08_1024x1024.jpg]
[modern-furniture.myharavan.com/products/am-tra-inox-khong-ghi.html]
[product.hstatic.net/1000309459/product/sp12-1_5316e032a8b0403b8fe26c4cd6bef167_35e9cf348a3b4df28059491ff6c6ff08_master.jpg]
[product.hstatic.net/1000309459/product/sp11-1_f33d1b5977c84d01ac0037fdcb6c7317_2430fe7863a34cbf9f2190326cd08dab_master.jpg]
[product.hstatic.net/1000309459/product/sp11-1_f33d1b5977c84d01ac0037fdcb6c7317_2430fe7863a34cbf9f2190326cd08dab_compact.jpg]
[product.hstatic.net/1000309459/product/sp11-2_d58d2329380c41f1885a093a5cf2f27c_eb50c95acadb438cbb088a454308e3ec_master.jpg]
[modern-furniture.myharavan.com/products/ban-xep-gon-nhe-tb01.html]
[product.hstatic.net/1000309459/product/sp11-2_d58d2329380c41f1885a093a5cf2f27c_eb50c95acadb438cbb088a454308e3ec_compact.jpg]
[product.hstatic.net/1000309459/product/sp3_97f7ec448aae411f907b7ab4d04d0e52_fc6e8187831c46299c2e264d992aa10b_master.jpg]
[product.hstatic.net/1000309459/product/sp3_97f7ec448aae411f907b7ab4d04d0e52_fc6e8187831c46299c2e264d992aa10b_compact.jpg]
[product.hstatic.net/1000309459/product/sp3_7641ce82bbb44d6098a62e1f19abcbc4_106bcea2d2044d62a16b15cc40331ed5_master.jpg]
[product.hstatic.net/1000309459/product/sp3_7641ce82bbb44d6098a62e1f19abcbc4_106bcea2d2044d62a16b15cc40331ed5_compact.jpg]
[modern-furniture.myharavan.com/products/ghe-trung-treo-oval.html]
[product.hstatic.net/1000309459/product/sp10-1_bee2a9c0558d4324bf174ec4dca83071_d2c27994d7be4d71b388b3c9f95826c2_master.jpg]
[product.hstatic.net/1000309459/product/sp10-1_bee2a9c0558d4324bf174ec4dca83071_d2c27994d7be4d71b388b3c9f95826c2_compact.jpg]
[product.hstatic.net/1000309459/product/sp10-2_a745f85b63f5497793be87949deb1a7b_c4db0b6210d84546a55ae4a4faeaa8bf_master.jpg]
[product.hstatic.net/1000309459/product/sp10-2_a745f85b63f5497793be87949deb1a7b_c4db0b6210d84546a55ae4a4faeaa8bf_compact.jpg]
[modern-furniture.myharavan.com/products/ghe-tua-lung-phong-khach-s004.html]
[file.hstatic.net/1000409762/file/ansen_ro-ohrensessel_800x800-id509612-0c54f42bf727c165316d7e908fb056b0_17551c32083c4b0caa8503ba671aa773_grande.jpg]
[product.hstatic.net/1000309459/product/pro6_c3480a33e39042e599b90dfd098160df_master.jpg]
[product.hstatic.net/1000309459/product/pro6_c3480a33e39042e599b90dfd098160df_compact.jpg]
[product.hstatic.net/1000309459/product/pro7_21ff79e4431748acb1004fcca2707c47_master.jpg]
[product.hstatic.net/1000309459/product/pro7_21ff79e4431748acb1004fcca2707c47_compact.jpg]
[product.hstatic.net/1000309459/product/pro5_681e9de34702472c9ff25f0d450a0ba0_master.jpg]
[product.hstatic.net/1000309459/product/pro5_681e9de34702472c9ff25f0d450a0ba0_compact.jpg]
[product.hstatic.net/1000309459/product/pro9_7e06f935303b4a259df9efc59090a08e_master.jpg]
[product.hstatic.net/1000309459/product/pro9_7e06f935303b4a259df9efc59090a08e_compact.jpg]
[product.hstatic.net/1000309459/product/pro7_21ff79e4431748acb1004fcca2707c47.jpg]
[modern-furniture.myharavan.com/products/ghe-van-phong-chan-xoay.html]
[product.hstatic.net/1000309459/product/pro5_681e9de34702472c9ff25f0d450a0ba0.jpg]
[theme.hstatic.net/1000309459/1000717021/14/page_bannere0a8.jpg]
[modern-furniture.myharavan.com/pages/about-us.html]
[modern-furniture.myharavan.com/search.html]
[modern-furniture.myharavan.com/pages/chinh-sach-doi-tra.html]
[modern-furniture.myharavan.com/pages/chinh-sach-bao-mat.html]
[modern-furniture.myharavan.com/pages/dieu-khoan-dich-vu.html]
[modern-furniture.myharavan.com/pages/lien-he.html]
[modern-furniture.myharavan.com/collections/san-pham-moi.html]
[modern-furniture.myharavan.com/collections.html]
[modern-furniture.myharavan.com/collections/filter=.html]
[product.hstatic.net/1000309459/product/sp2-1_ee610e766bb440738090133fd553280f_ff6e0900534d42ca805e7aa9f7e5578d_master.jpg]
[product.hstatic.net/1000309459/product/sp2-1_ee610e766bb440738090133fd553280f_ff6e0900534d42ca805e7aa9f7e5578d_compact.jpg]
[product.hstatic.net/1000309459/product/sp2-2_11b93fc9ba874d238bbaa87d233f0582_ac29fd9a659b4aa78682dd0372d4021e_master.jpg]
[product.hstatic.net/1000309459/product/sp2-2_11b93fc9ba874d238bbaa87d233f0582_ac29fd9a659b4aa78682dd0372d4021e_compact.jpg]
[product.hstatic.net/1000309459/product/s2-3_5738fbdc5fbd45e5a2c46fcf44204104_3a6d2a9f9f744388b06444bfb92fbfff_master.jpg]
[product.hstatic.net/1000309459/product/s2-3_5738fbdc5fbd45e5a2c46fcf44204104_3a6d2a9f9f744388b06444bfb92fbfff_compact.jpg]
[product.hstatic.net/1000309459/product/s2-4_5e30055174964b7887a63ad385e2aa94_4a3aa319e7af48b3ab25a216f9eba69c_master.jpg]
[modern-furniture.myharavan.com/collections/san-pham-ban-chay.html]
[product.hstatic.net/1000309459/product/s2-4_5e30055174964b7887a63ad385e2aa94_4a3aa319e7af48b3ab25a216f9eba69c_compact.jpg]
[file.hstatic.net/1000409762/file/s1_b3636df790a34bb980b95f7330af6276.jpg]
[file.hstatic.net/1000409762/file/s2_cacc5b34d8244ae1a13b9cb8cc80ea55.jpg]
[file.hstatic.net/1000409762/file/s3_d1c2960fe6744be8976d177889274287.jpg]
[product.hstatic.net/1000309459/product/sp2-2_11b93fc9ba874d238bbaa87d233f0582_ac29fd9a659b4aa78682dd0372d4021e.jpg]
[modern-furniture.myharavan.com/products/loa-bluetooth-b-o-beoplay.html]
[product.hstatic.net/1000309459/product/s2-3_5738fbdc5fbd45e5a2c46fcf44204104_3a6d2a9f9f744388b06444bfb92fbfff.jpg]
[product.hstatic.net/1000309459/product/pro17_a40384c66baa4040b9fecd033f111dec_master.jpg]
[product.hstatic.net/1000309459/product/pro17_a40384c66baa4040b9fecd033f111dec_compact.jpg]
[product.hstatic.net/1000309459/product/pro15_cb4a2adcb7d64e69b024cd3b15cff915_master.jpg]
[product.hstatic.net/1000309459/product/pro15_cb4a2adcb7d64e69b024cd3b15cff915_compact.jpg]
[product.hstatic.net/1000309459/product/pro16_7a556e73110e4ada8582051fc56859f7_master.jpg]
[product.hstatic.net/1000309459/product/pro16_7a556e73110e4ada8582051fc56859f7_compact.jpg]
[product.hstatic.net/1000309459/product/pro18_cb70b77f53b84740bf31a7879364bd5c_master.jpg]
[product.hstatic.net/1000309459/product/pro18_cb70b77f53b84740bf31a7879364bd5c_compact.jpg]
[product.hstatic.net/1000309459/product/pro19_77419d7ecfc24064a2f11c73a66421bd_master.jpg]
[product.hstatic.net/1000309459/product/pro19_77419d7ecfc24064a2f11c73a66421bd_compact.jpg]
[product.hstatic.net/1000309459/product/pro15_cb4a2adcb7d64e69b024cd3b15cff915.jpg]
[product.hstatic.net/1000309459/product/pro16_7a556e73110e4ada8582051fc56859f7.jpg]
[product.hstatic.net/1000309459/product/pro18_cb70b77f53b84740bf31a7879364bd5c.jpg]
[modern-furniture.myharavan.com/products/sofa-giuong-pvc-xuat-khau-so-226.html]
[modern-furniture.myharavan.com/blogs/fonts/glyphicons-halflings-regular.187.delayed]
[modern-furniture.myharavan.com/blogs/fonts/glyphicons-halflings-regular.188d41d.delayed]
[modern-furniture.myharavan.com/blogs/fonts/glyphicons-halflings-regular.189.delayed]
[modern-furniture.myharavan.com/blogs/fonts/glyphicons-halflings-regular.18a.delayed]
[modern-furniture.myharavan.com/blogs/fonts/glyphicons-halflings-regular.18b.delayed]
[modern-furniture.myharavan.com/blogs/fonts/glyphicons-halflings-regular.18c.delayed]
[file.hstatic.net/1000309459/article/blog_4e734461181e4b3194609c4ea27d3af6_1024x1024.jpg]
[modern-furniture.myharavan.com/blogs/news/5-sai-lam-can-tranh-khi-mua-ban-ghe-sofa.html]
[file.hstatic.net/1000309459/article/ssfdf_1024x1024.jpg]
[modern-furniture.myharavan.com/blogs/news/article]
[modern-furniture.myharavan.com/blogs/news/bai-viet-mau-3.html]
[modern-furniture.myharavan.com/blogs/news/bai-viet-mau-2.html]
[file.hstatic.net/1000309459/article/sfsd_1024x1024.jpg]
[modern-furniture.myharavan.com/blogs/news/1-bai-viet-mau.html]
[file.hstatic.net/1000309459/article/ferm-living-autumn-winter-2016-banner_1024x1024.jpg]
[modern-furniture.myharavan.com/index942b.html]
[static.ak.facebook.com/index.html]
[static.ak.fbcdn.net/index.html]
[s-static.ak.facebook.com/index.html]
[modern-furniture.myharavan.com/collections/san-pham-moi.html]
[modern-furniture.myharavan.com/collections/san-pham-ban-chay.html]
[modern-furniture.myharavan.com/blogs/fonts/glyphicons-halflings-regular.html]
[modern-furniture.myharavan.com/blogs/fonts/glyphicons-halflings-regulard41d.html]
[modern-furniture.myharavan.com/blogs/fonts/glyphicons-halflings-regular-2.html]
[modern-furniture.myharavan.com/blogs/fonts/glyphicons-halflings-regular-3.html]
[modern-furniture.myharavan.com/blogs/fonts/glyphicons-halflings-regular-4.html]
[modern-furniture.myharavan.com/blogs/news/article.html]
[theme.hstatic.net/1000309459/1000717021/14/slideshow_1_largee0a8.jpg]
[stats.hstatic.net/analytics.minb0af.js]
[www.google.com/recaptcha/api4d7a.js]
[theme.hstatic.net/1000309459/1000717021/14/slideshow_1e0a8.jpg]
[theme.hstatic.net/1000309459/1000717021/14/futura.woff2]
[theme.hstatic.net/1000309459/1000717021/14/home_category_2_bannere0a8.jpg]
[theme.hstatic.net/1000309459/1000717021/14/home_category_3_bannere0a8.jpg]
[theme.hstatic.net/1000309459/1000717021/14/home_category_4_bannere0a8.jpg]
[theme.hstatic.net/1000309459/1000717021/14/home_category_1_bannere0a8.jpg]
[product.hstatic.net/1000309459/product/sp8-1_5d1c7dc8e938478290333f2625515d68_28699549035a4a1e8823d70b9a6f8388_medium.jpg]
[product.hstatic.net/1000309459/product/sp8-1_5d1c7dc8e938478290333f2625515d68_28699549035a4a1e8823d70b9a6f8388_large.jpg]
[theme.hstatic.net/1000309459/1000717021/14/home_category_5_bannere0a8.jpg]
[product.hstatic.net/1000309459/product/sp8-1_5d1c7dc8e938478290333f2625515d68_28699549035a4a1e8823d70b9a6f8388_grande.jpg]
[product.hstatic.net/1000309459/product/sp8-2_6a27ed54ad9849a3ae439de360094566_335fe1b291f9457b9e139fd22df5f1ac_medium.jpg]
[product.hstatic.net/1000309459/product/sp8-2_6a27ed54ad9849a3ae439de360094566_335fe1b291f9457b9e139fd22df5f1ac_large.jpg]
[product.hstatic.net/1000309459/product/sp8-2_6a27ed54ad9849a3ae439de360094566_335fe1b291f9457b9e139fd22df5f1ac_grande.jpg]
[product.hstatic.net/1000309459/product/sp4-2_97670563a9c9462e91b405158f85b77a_1e84319ca6f74a5fbe7043f038a05166_medium.jpg]
[product.hstatic.net/1000309459/product/sp4-2_97670563a9c9462e91b405158f85b77a_1e84319ca6f74a5fbe7043f038a05166_large.jpg]
[theme.hstatic.net/1000309459/1000717021/14/stylese0a8.css]
[product.hstatic.net/1000309459/product/sp4-2_97670563a9c9462e91b405158f85b77a_1e84319ca6f74a5fbe7043f038a05166_grande.jpg]
[modern-furniture.myharavan.com/fonts/glyphicons-halflings-regular-5.html]
[product.hstatic.net/1000309459/product/sp4-1_9ccb76a9510a4e1b9e2e4a2ab0280193_7e7cc08c1bab4fb58044c535b9755b13_medium.jpg]
[modern-furniture.myharavan.com/owl.video.play.html]
[theme.hstatic.net/1000309459/1000717021/14/fontawesomee0a8.eot]
[product.hstatic.net/1000309459/product/sp4-1_9ccb76a9510a4e1b9e2e4a2ab0280193_7e7cc08c1bab4fb58044c535b9755b13_large.jpg]
[product.hstatic.net/1000309459/product/sp4-1_9ccb76a9510a4e1b9e2e4a2ab0280193_7e7cc08c1bab4fb58044c535b9755b13_grande.jpg]
[product.hstatic.net/1000309459/product/sp5-2_fde6cf697c5343489c0715a2a77c9161_8ccf08b77b384087b8e47d0d62541382_medium.jpg]
[product.hstatic.net/1000309459/product/sp5-2_fde6cf697c5343489c0715a2a77c9161_8ccf08b77b384087b8e47d0d62541382_large.jpg]
[product.hstatic.net/1000309459/product/sp5-2_fde6cf697c5343489c0715a2a77c9161_8ccf08b77b384087b8e47d0d62541382_grande.jpg]
[theme.hstatic.net/1000309459/1000717021/14/fontawesomee0a8.svg]
[theme.hstatic.net/1000309459/1000717021/14/fontawesomee0a8.woff]
[product.hstatic.net/1000309459/product/sp1-2_0ab2e2a624424c2a803800990fb57109_36763e8fecdd4146a12968254ae73abe_grande.jpg]
[product.hstatic.net/1000309459/product/sp1-1_8b56d5f805744ca98b24545ae72d3cb4_c596aa3fb2e7428a87cdf3b0567c2d8a_grande.jpg]
[product.hstatic.net/1000309459/product/sp7-1_83fd0de6ab8b437d9b28cf50ad5e69cb_ef26305786114080bc65e3de534bfd69_medium.jpg]
[product.hstatic.net/1000309459/product/sp7-1_83fd0de6ab8b437d9b28cf50ad5e69cb_ef26305786114080bc65e3de534bfd69_large.jpg]
[product.hstatic.net/1000309459/product/sp7-1_83fd0de6ab8b437d9b28cf50ad5e69cb_ef26305786114080bc65e3de534bfd69_grande.jpg]
[product.hstatic.net/1000309459/product/sp7-2_811c15bd83e24680ae35695c8e939f69_adcb1fa0c81e462e8d97a80a824aaf5a_medium.jpg]
[product.hstatic.net/1000309459/product/sp7-2_811c15bd83e24680ae35695c8e939f69_adcb1fa0c81e462e8d97a80a824aaf5a_large.jpg]
[product.hstatic.net/1000309459/product/sp7-2_811c15bd83e24680ae35695c8e939f69_adcb1fa0c81e462e8d97a80a824aaf5a_grande.jpg]
[product.hstatic.net/1000309459/product/sp9-1_a13a66828d904b0388e03b4b12fdbea0_b699f1d6595244148610a17d3a3393f9_large.jpg]
[product.hstatic.net/1000309459/product/sp9-1_a13a66828d904b0388e03b4b12fdbea0_b699f1d6595244148610a17d3a3393f9_grande.jpg]
[product.hstatic.net/1000309459/product/sp9-2_5cbcdc59238643d4a639ccc4278a6492_5d000b4a82804cb1a20360b63ff50829_large.jpg]
[product.hstatic.net/1000309459/product/sp9-2_5cbcdc59238643d4a639ccc4278a6492_5d000b4a82804cb1a20360b63ff50829_grande.jpg]
[theme.hstatic.net/1000309459/1000717021/14/block_home_category3e0a8.jpg]
[theme.hstatic.net/1000309459/1000717021/14/block_home_category1e0a8.jpg]
[theme.hstatic.net/1000309459/1000717021/14/block_home_category2e0a8.jpg]
[product.hstatic.net/1000309459/product/sp12-1_5316e032a8b0403b8fe26c4cd6bef167_35e9cf348a3b4df28059491ff6c6ff08_medium.jpg]
[product.hstatic.net/1000309459/product/sp12-1_5316e032a8b0403b8fe26c4cd6bef167_35e9cf348a3b4df28059491ff6c6ff08_large.jpg]
[product.hstatic.net/1000309459/product/sp11-1_f33d1b5977c84d01ac0037fdcb6c7317_2430fe7863a34cbf9f2190326cd08dab_medium.jpg]
[product.hstatic.net/1000309459/product/sp11-1_f33d1b5977c84d01ac0037fdcb6c7317_2430fe7863a34cbf9f2190326cd08dab_large.jpg]
[product.hstatic.net/1000309459/product/sp11-1_f33d1b5977c84d01ac0037fdcb6c7317_2430fe7863a34cbf9f2190326cd08dab_grande.jpg]
[product.hstatic.net/1000309459/product/sp11-2_d58d2329380c41f1885a093a5cf2f27c_eb50c95acadb438cbb088a454308e3ec_medium.jpg]
[product.hstatic.net/1000309459/product/sp11-2_d58d2329380c41f1885a093a5cf2f27c_eb50c95acadb438cbb088a454308e3ec_large.jpg]
[product.hstatic.net/1000309459/product/sp11-2_d58d2329380c41f1885a093a5cf2f27c_eb50c95acadb438cbb088a454308e3ec_grande.jpg]
[product.hstatic.net/1000309459/product/sp3_97f7ec448aae411f907b7ab4d04d0e52_fc6e8187831c46299c2e264d992aa10b_medium.jpg]
[product.hstatic.net/1000309459/product/sp3_97f7ec448aae411f907b7ab4d04d0e52_fc6e8187831c46299c2e264d992aa10b_large.jpg]
[product.hstatic.net/1000309459/product/sp3_97f7ec448aae411f907b7ab4d04d0e52_fc6e8187831c46299c2e264d992aa10b_grande.jpg]
[product.hstatic.net/1000309459/product/sp3_7641ce82bbb44d6098a62e1f19abcbc4_106bcea2d2044d62a16b15cc40331ed5_medium.jpg]
[product.hstatic.net/1000309459/product/sp3_7641ce82bbb44d6098a62e1f19abcbc4_106bcea2d2044d62a16b15cc40331ed5_large.jpg]
[product.hstatic.net/1000309459/product/sp3_7641ce82bbb44d6098a62e1f19abcbc4_106bcea2d2044d62a16b15cc40331ed5_grande.jpg]
[product.hstatic.net/1000309459/product/sp10-1_bee2a9c0558d4324bf174ec4dca83071_d2c27994d7be4d71b388b3c9f95826c2_medium.jpg]
[product.hstatic.net/1000309459/product/sp10-1_bee2a9c0558d4324bf174ec4dca83071_d2c27994d7be4d71b388b3c9f95826c2_large.jpg]
[product.hstatic.net/1000309459/product/sp10-1_bee2a9c0558d4324bf174ec4dca83071_d2c27994d7be4d71b388b3c9f95826c2_grande.jpg]
[product.hstatic.net/1000309459/product/sp10-2_a745f85b63f5497793be87949deb1a7b_c4db0b6210d84546a55ae4a4faeaa8bf_medium.jpg]
[product.hstatic.net/1000309459/product/sp10-2_a745f85b63f5497793be87949deb1a7b_c4db0b6210d84546a55ae4a4faeaa8bf_large.jpg]
[product.hstatic.net/1000309459/product/sp10-2_a745f85b63f5497793be87949deb1a7b_c4db0b6210d84546a55ae4a4faeaa8bf_grande.jpg]
[product.hstatic.net/1000309459/product/pro6_c3480a33e39042e599b90dfd098160df_medium.jpg]
[product.hstatic.net/1000309459/product/pro6_c3480a33e39042e599b90dfd098160df_large.jpg]
[product.hstatic.net/1000309459/product/pro6_c3480a33e39042e599b90dfd098160df_grande.jpg]
[product.hstatic.net/1000309459/product/pro7_21ff79e4431748acb1004fcca2707c47_grande.jpg]
[product.hstatic.net/1000309459/product/pro7_21ff79e4431748acb1004fcca2707c47_medium.jpg]
[product.hstatic.net/1000309459/product/pro7_21ff79e4431748acb1004fcca2707c47_large.jpg]
[hstatic.net/0/0/global/option_selection.js]
[hstatic.net/0/0/global/api.jquery.js]
[theme.hstatic.net/1000309459/1000717021/14/scriptse0a8.js]
[modern-furniture.myharavan.com/collections/all.html]
[product.hstatic.net/1000309459/product/sp1-1_8b56d5f805744ca98b24545ae72d3cb4_c596aa3fb2e7428a87cdf3b0567c2d8a_compact.jpg]
[product.hstatic.net/1000309459/product/sp1-1_9faf7f82e951400d92e2181dd3f00159_40ca050829704763af6494b0b93c4323_compact.jpg]
[file.hstatic.net/1000309459/file/block_home_category1_11151c09367a4eac875e9603f65c1347.jpg]
[file.hstatic.net/1000309459/file/block_home_category2_96b6cc9ea9dc49d399ac478e82901124.jpg]
[file.hstatic.net/1000309459/file/block_home_category3_4636fdd8f33142038cb78a693265ff00.jpg]
[file.hstatic.net/1000309459/file/bannerh01_5ba6f27aca5e493483ca4f297271b602.jpg]
[product.hstatic.net/1000309459/product/sp8-1_5d1c7dc8e938478290333f2625515d68_28699549035a4a1e8823d70b9a6f8388_master.jpg]
[product.hstatic.net/1000309459/product/sp8-2_6a27ed54ad9849a3ae439de360094566_335fe1b291f9457b9e139fd22df5f1ac_master.jpg]
[hstatic.net/0/0/global/haravan_common.js]
[product.hstatic.net/1000309459/product/sp8-2_6a27ed54ad9849a3ae439de360094566_335fe1b291f9457b9e139fd22df5f1ac_compact.jpg]
[product.hstatic.net/1000309459/product/sp8-3_d41cb4efb6174aeda4b57cf6d8a76885_8728d1a5476f4f0fae7e40ffeb15ef70_master.jpg]
[product.hstatic.net/1000309459/product/sp8-3_d41cb4efb6174aeda4b57cf6d8a76885_8728d1a5476f4f0fae7e40ffeb15ef70_compact.jpg]
[file.hstatic.net/1000409762/file/4620-tischleuchte_1333x1333-id1123239-94b0fbbf17e1b83a9329355b063d55c0_1741e09d520247fa9b3ed320b31f1f90_grande.jpg]
[product.hstatic.net/1000309459/product/sp4-1_9ccb76a9510a4e1b9e2e4a2ab0280193_7e7cc08c1bab4fb58044c535b9755b13_compact.jpg]
[modern-furniture.myharavan.com/collections/frontpage.html]
[modern-furniture.myharavan.com/products/den-treo-sang-trong-hubert.html]
[file.hstatic.net/1000409762/file/s1_b3636df790a34bb980b95f7330af6276.jpg]
[file.hstatic.net/1000409762/file/s2_cacc5b34d8244ae1a13b9cb8cc80ea55.jpg]
[file.hstatic.net/1000409762/file/s3_d1c2960fe6744be8976d177889274287.jpg]
[theme.hstatic.net/1000309459/1000717021/14/fontawesomee0a8.eot]
[theme.hstatic.net/1000309459/1000717021/14/fontawesomee0a8.woff]
[modern-furniture.myharavan.com/products/ghe-go-bap-benh-iconic.html]
[modern-furniture.myharavan.com/products/ghe-sofa-giuong-keo-roots.html]
[modern-furniture.myharavan.com/products/ghe-sofa-phong-khach-s003.html]
[modern-furniture.myharavan.com/collections/hot-products.html]
[modern-furniture.myharavan.com/collections/onsale.html]
[modern-furniture.myharavan.com/products/ghe-trung-treo-oval.html]
[modern-furniture.myharavan.com/products/ghe-tua-lung-phong-khach-s004.html]
[modern-furniture.myharavan.com/products/ghe-van-phong-chan-xoay.html]
[modern-furniture.myharavan.com/pages/about-us.html]
[modern-furniture.myharavan.com/Popover requires tooltip.html]
[modern-furniture.myharavan.com/collections/owl.video.play.html]
[modern-furniture.myharavan.com/collections/Popover requires tooltip.html]
[modern-furniture.myharavan.com/products/owl.video.play.html]
[modern-furniture.myharavan.com/products/Popover requires tooltip.html]
[modern-furniture.myharavan.com/blogs/owl.video.play.html]
[modern-furniture.myharavan.com/blogs/news/bai-viet-mau-3.html]
[modern-furniture.myharavan.com/blogs/news/bai-viet-mau-2.html]
[modern-furniture.myharavan.com/blogs/news/1-bai-viet-mau.html]
[modern-furniture.myharavan.com/blogs/Popover requires tooltip.html]
[modern-furniture.myharavan.com/pages/owl.video.play.html]
[theme.hstatic.net/1000309459/1000717021/14/style-furniture-ldp01.scsse0a8.css]
[modern-furniture.myharavan.com/pages/Popover requires tooltip.html]
[modern-furniture.myharavan.com/account/owl.video.play.html]
[modern-furniture.myharavan.com/account/Popover requires tooltip.html]
[static.ak.facebook.com/index.html]
[modern-furniture.myharavan.com/blogs/fonts/glyphicons-halflings-regular.html]
[modern-furniture.myharavan.com/blogs/fonts/glyphicons-halflings-regular-5.html]
[modern-furniture.myharavan.com/blogs/news/owl.video.play.html]
[modern-furniture.myharavan.com/blogs/news/Popover requires tooltip.html]
[modern-furniture.myharavan.com/blogs/news/article.html]
[theme.hstatic.net/1000309459/1000717021/14/fontawesomee0a8.html]
[theme.hstatic.net/1000309459/1000717021/14/fontawesomee0a8.svg]
[assets.harafunnel.com/widget/108520260558644.html]
